state = "terminated"
stackFrames = []
variables = []
breakpoints = []
threadId = null

7/7/2024, 12:47:55 PM -> {"channel":33,"debugSessions":{}}
7/7/2024, 1:40:26 PM <- {"debugMain":{"session":"main","readOnly":false,"debuggerId":".replit/debugger"},"ref":"1tuufywj23w","channel":33}
7/7/2024, 1:40:26 PM -> {"channel":33,"debugSessions":{"sessions":{"main":"Stopped"}}}
7/7/2024, 1:40:26 PM -> {"channel":33,"debugOutput":{"session":"main","output":"\r- Compiling project..."}}
7/7/2024, 1:40:26 PM -> {"channel":33,"debugOutput":{"session":"main","output":"\r\u001b[2K"}}
7/7/2024, 1:40:26 PM -> {"channel":33,"debugOutput":{"session":"main","output":"\u001b[01;31mcompiling project error\u001b[00m: exit status 2: \r\nclang -g -Wno-everything -pthread -lm -O0 ./main.c ./procun.c -o \"main-debug\"\r\n/nix/store/039g378vc3pc3dvi9dzdlrd0i4q93qwf-binutils-2.39/bin/ld: /tmp/procun-429140.o: in function `consumer':\r\n/home/runner/FelineUnusualDriverwrapper/./procun.c:28: multiple definition of `consumer'; /tmp/main-9e9db6.o:/home/runner/FelineUnusualDriverwrapper/./main.c:29: first defined here\r\n/nix/store/039g378vc3pc3dvi9dzdlrd0i4q93qwf-binutils-2.39/bin/ld: /tmp/procun-429140.o:/home/runner/FelineUnusualDriverwrapper/./procun.c:11: multiple definition of `empty'; /tmp/main-9e9db6.o:/home/runner/FelineUnusualDriverwrapper/./main.c:11: first defined here\r\n/nix/store/039g378vc3pc3dvi9dzdlrd0i4q93qwf-binutils-2.39/bin/ld: /tmp/procun-429140.o:/home/runner/FelineUnusualDriverwrapper/./procun.c:12: multiple definition of `full'; /tmp/main-9e9db6.o:/home/runner/FelineUnusualDriverwrapper/./main.c:12: first defined here\r\n/nix/store/039g378vc3pc3dvi9dzdlrd0i4q93qwf-binutils-2.39/bin/ld: /tmp/procun-429140.o:/home/runner/FelineUnusualDriverwrapper/./procun.c:7: multiple definition of `in'; /tmp/main-9e9db6.o:/home/runner/FelineUnusualDriverwrapper/./main.c:7: first defined here\r\n/nix/store/039g378vc3pc3dvi9dzdlrd0i4q93qwf-binutils-2.39/bin/ld: /tmp/procun-429140.o: in function `main':\r\n/home/runner/FelineUnusualDriverwrapper/./procun.c:39: multiple definition of `main'; /tmp/main-9e9db6.o:/home/runner/FelineUnusualDriverwrapper/./main.c:45: first defined here\r\n/nix/store/039g378vc3pc3dvi9dzdlrd0i4q93qwf-binutils-2.39/bin/ld: /tmp/procun-429140.o:/home/runner/FelineUnusualDriverwrapper/./procun.c:13: multiple definition of `mutex'; /tmp/main-9e9db6.o:/home/runner/FelineUnusualDriverwrapper/./main.c:13: first defined here\r\n/nix/store/039g378vc3pc3dvi9dzdlrd0i4q93qwf-binutils-2.39/bin/ld: /tmp/procun-429140.o:/home/runner/FelineUnusualDriverwrapper/./procun.c:8: multiple definition of `out'; /tmp/main-9e9db6.o:/home/runner/FelineUnusualDriverwrapper/./main.c:8: first defined here\r\n/nix/store/039g378vc3pc3dvi9dzdlrd0i4q93qwf-binutils-2.39/bin/ld: /tmp/procun-429140.o: in function `producer':\r\n/home/runner/FelineUnusualDriverwrapper/./procun.c:15: multiple definition of `producer'; /tmp/main-9e9db6.o:/home/runner/FelineUnusualDriverwrapper/./main.c:15: first defined here\r\nclang-12: \u001b[0;1;31merror: \u001b[0m\u001b[1mlinker command failed with exit code 1 (use -v to see invocation)\u001b[0m\r\nmake: *** [Makefile:13: main-debug] Error 1\r\n\r\n"}}
7/7/2024, 1:40:26 PM -> {"channel":33,"debugSessions":{}}
7/7/2024, 1:40:26 PM -> {"channel":33,"session":101,"error":"failed to compile project: \"clang -g -Wno-everything -pthread -lm -O0 ./main.c ./procun.c -o \\\"main-debug\\\"\\r\\n/nix/store/039g378vc3pc3dvi9dzdlrd0i4q93qwf-binutils-2.39/bin/ld: /tmp/procun-429140.o: in function `consumer':\\r\\n/home/runner/FelineUnusualDriverwrapper/./procun.c:28: multiple definition of `consumer'; /tmp/main-9e9db6.o:/home/runner/FelineUnusualDriverwrapper/./main.c:29: first defined here\\r\\n/nix/store/039g378vc3pc3dvi9dzdlrd0i4q93qwf-binutils-2.39/bin/ld: /tmp/procun-429140.o:/home/runner/FelineUnusualDriverwrapper/./procun.c:11: multiple definition of `empty'; /tmp/main-9e9db6.o:/home/runner/FelineUnusualDriverwrapper/./main.c:11: first defined here\\r\\n/nix/store/039g378vc3pc3dvi9dzdlrd0i4q93qwf-binutils-2.39/bin/ld: /tmp/procun-429140.o:/home/runner/FelineUnusualDriverwrapper/./procun.c:12: multiple definition of `full'; /tmp/main-9e9db6.o:/home/runner/FelineUnusualDriverwrapper/./main.c:12: first defined here\\r\\n/nix/store/039g378vc3pc3dvi9dzdlrd0i4q93qwf-binutils-2.39/bin/ld: /tmp/procun-429140.o:/home/runner/FelineUnusualDriverwrapper/./procun.c:7: multiple definition of `in'; /tmp/main-9e9db6.o:/home/runner/FelineUnusualDriverwrapper/./main.c:7: first defined here\\r\\n/nix/store/039g378vc3pc3dvi9dzdlrd0i4q93qwf-binutils-2.39/bin/ld: /tmp/procun-429140.o: in function `main':\\r\\n/home/runner/FelineUnusualDriverwrapper/./procun.c:39: multiple definition of `main'; /tmp/main-9e9db6.o:/home/runner/FelineUnusualDriverwrapper/./main.c:45: first defined here\\r\\n/nix/store/039g378vc3pc3dvi9dzdlrd0i4q93qwf-binutils-2.39/bin/ld: /tmp/procun-429140.o:/home/runner/FelineUnusualDriverwrapper/./procun.c:13: multiple definition of `mutex'; /tmp/main-9e9db6.o:/home/runner/FelineUnusualDriverwrapper/./main.c:13: first defined here\\r\\n/nix/store/039g378vc3pc3dvi9dzdlrd0i4q93qwf-binutils-2.39/bin/ld: /tmp/procun-429140.o:/home/runner/FelineUnusualDriverwrapper/./procun.c:8: multiple definition of `out'; /tmp/main-9e9db6.o:/home/runner/FelineUnusualDriverwrapper/./main.c:8: first defined here\\r\\n/nix/store/039g378vc3pc3dvi9dzdlrd0i4q93qwf-binutils-2.39/bin/ld: /tmp/procun-429140.o: in function `producer':\\r\\n/home/runner/FelineUnusualDriverwrapper/./procun.c:15: multiple definition of `producer'; /tmp/main-9e9db6.o:/home/runner/FelineUnusualDriverwrapper/./main.c:15: first defined here\\r\\nclang-12: \\x1b[0;1;31merror: \\x1b[0m\\x1b[1mlinker command failed with exit code 1 (use -v to see invocation)\\x1b[0m\\r\\nmake: *** [Makefile:13: main-debug] Error 1\\r\\n\": exit status 2","ref":"1tuufywj23w"}
7/7/2024, 1:40:26 PM -> {"channel":33,"session":101,"error":"failed to compile project: \"clang -g -Wno-everything -pthread -lm -O0 ./main.c ./procun.c -o \\\"main-debug\\\"\\r\\n/nix/store/039g378vc3pc3dvi9dzdlrd0i4q93qwf-binutils-2.39/bin/ld: /tmp/procun-429140.o: in function `consumer':\\r\\n/home/runner/FelineUnusualDriverwrapper/./procun.c:28: multiple definition of `consumer'; /tmp/main-9e9db6.o:/home/runner/FelineUnusualDriverwrapper/./main.c:29: first defined here\\r\\n/nix/store/039g378vc3pc3dvi9dzdlrd0i4q93qwf-binutils-2.39/bin/ld: /tmp/procun-429140.o:/home/runner/FelineUnusualDriverwrapper/./procun.c:11: multiple definition of `empty'; /tmp/main-9e9db6.o:/home/runner/FelineUnusualDriverwrapper/./main.c:11: first defined here\\r\\n/nix/store/039g378vc3pc3dvi9dzdlrd0i4q93qwf-binutils-2.39/bin/ld: /tmp/procun-429140.o:/home/runner/FelineUnusualDriverwrapper/./procun.c:12: multiple definition of `full'; /tmp/main-9e9db6.o:/home/runner/FelineUnusualDriverwrapper/./main.c:12: first defined here\\r\\n/nix/store/039g378vc3pc3dvi9dzdlrd0i4q93qwf-binutils-2.39/bin/ld: /tmp/procun-429140.o:/home/runner/FelineUnusualDriverwrapper/./procun.c:7: multiple definition of `in'; /tmp/main-9e9db6.o:/home/runner/FelineUnusualDriverwrapper/./main.c:7: first defined here\\r\\n/nix/store/039g378vc3pc3dvi9dzdlrd0i4q93qwf-binutils-2.39/bin/ld: /tmp/procun-429140.o: in function `main':\\r\\n/home/runner/FelineUnusualDriverwrapper/./procun.c:39: multiple definition of `main'; /tmp/main-9e9db6.o:/home/runner/FelineUnusualDriverwrapper/./main.c:45: first defined here\\r\\n/nix/store/039g378vc3pc3dvi9dzdlrd0i4q93qwf-binutils-2.39/bin/ld: /tmp/procun-429140.o:/home/runner/FelineUnusualDriverwrapper/./procun.c:13: multiple definition of `mutex'; /tmp/main-9e9db6.o:/home/runner/FelineUnusualDriverwrapper/./main.c:13: first defined here\\r\\n/nix/store/039g378vc3pc3dvi9dzdlrd0i4q93qwf-binutils-2.39/bin/ld: /tmp/procun-429140.o:/home/runner/FelineUnusualDriverwrapper/./procun.c:8: multiple definition of `out'; /tmp/main-9e9db6.o:/home/runner/FelineUnusualDriverwrapper/./main.c:8: first defined here\\r\\n/nix/store/039g378vc3pc3dvi9dzdlrd0i4q93qwf-binutils-2.39/bin/ld: /tmp/procun-429140.o: in function `producer':\\r\\n/home/runner/FelineUnusualDriverwrapper/./procun.c:15: multiple definition of `producer'; /tmp/main-9e9db6.o:/home/runner/FelineUnusualDriverwrapper/./main.c:15: first defined here\\r\\nclang-12: \\x1b[0;1;31merror: \\x1b[0m\\x1b[1mlinker command failed with exit code 1 (use -v to see invocation)\\x1b[0m\\r\\nmake: *** [Makefile:13: main-debug] Error 1\\r\\n\": exit status 2","ref":"1tuufywj23w"}
7/7/2024, 1:40:33 PM <- {"debugMain":{"session":"main","readOnly":false,"debuggerId":".replit/debugger"},"ref":"229aajlcv49","channel":33}
7/7/2024, 1:40:33 PM -> {"channel":33,"debugSessions":{"sessions":{"main":"Stopped"}}}
7/7/2024, 1:40:33 PM -> {"channel":33,"debugOutput":{"session":"main","output":"\r- Compiling project..."}}
7/7/2024, 1:40:33 PM -> {"channel":33,"debugOutput":{"session":"main","output":"\r\u001b[2K"}}
7/7/2024, 1:40:33 PM -> {"channel":33,"debugOutput":{"session":"main","output":"\u001b[01;31mcompiling project error\u001b[00m: exit status 2: \r\nclang -g -Wno-everything -pthread -lm -O0 ./main.c ./procun.c -o \"main-debug\"\r\n/nix/store/039g378vc3pc3dvi9dzdlrd0i4q93qwf-binutils-2.39/bin/ld: /tmp/procun-21ecb7.o: in function `consumer':\r\n/home/runner/FelineUnusualDriverwrapper/./procun.c:28: multiple definition of `consumer'; /tmp/main-c30732.o:/home/runner/FelineUnusualDriverwrapper/./main.c:29: first defined here\r\n/nix/store/039g378vc3pc3dvi9dzdlrd0i4q93qwf-binutils-2.39/bin/ld: /tmp/procun-21ecb7.o:/home/runner/FelineUnusualDriverwrapper/./procun.c:11: multiple definition of `empty'; /tmp/main-c30732.o:/home/runner/FelineUnusualDriverwrapper/./main.c:11: first defined here\r\n/nix/store/039g378vc3pc3dvi9dzdlrd0i4q93qwf-binutils-2.39/bin/ld: /tmp/procun-21ecb7.o:/home/runner/FelineUnusualDriverwrapper/./procun.c:12: multiple definition of `full'; /tmp/main-c30732.o:/home/runner/FelineUnusualDriverwrapper/./main.c:12: first defined here\r\n/nix/store/039g378vc3pc3dvi9dzdlrd0i4q93qwf-binutils-2.39/bin/ld: /tmp/procun-21ecb7.o:/home/runner/FelineUnusualDriverwrapper/./procun.c:7: multiple definition of `in'; /tmp/main-c30732.o:/home/runner/FelineUnusualDriverwrapper/./main.c:7: first defined here\r\n/nix/store/039g378vc3pc3dvi9dzdlrd0i4q93qwf-binutils-2.39/bin/ld: /tmp/procun-21ecb7.o: in function `main':\r\n/home/runner/FelineUnusualDriverwrapper/./procun.c:39: multiple definition of `main'; /tmp/main-c30732.o:/home/runner/FelineUnusualDriverwrapper/./main.c:45: first defined here\r\n/nix/store/039g378vc3pc3dvi9dzdlrd0i4q93qwf-binutils-2.39/bin/ld: /tmp/procun-21ecb7.o:/home/runner/FelineUnusualDriverwrapper/./procun.c:13: multiple definition of `mutex'; /tmp/main-c30732.o:/home/runner/FelineUnusualDriverwrapper/./main.c:13: first defined here\r\n/nix/store/039g378vc3pc3dvi9dzdlrd0i4q93qwf-binutils-2.39/bin/ld: /tmp/procun-21ecb7.o:/home/runner/FelineUnusualDriverwrapper/./procun.c:8: multiple definition of `out'; /tmp/main-c30732.o:/home/runner/FelineUnusualDriverwrapper/./main.c:8: first defined here\r\n/nix/store/039g378vc3pc3dvi9dzdlrd0i4q93qwf-binutils-2.39/bin/ld: /tmp/procun-21ecb7.o: in function `producer':\r\n/home/runner/FelineUnusualDriverwrapper/./procun.c:15: multiple definition of `producer'; /tmp/main-c30732.o:/home/runner/FelineUnusualDriverwrapper/./main.c:15: first defined here\r\nclang-12: \u001b[0;1;31merror: \u001b[0m\u001b[1mlinker command failed with exit code 1 (use -v to see invocation)\u001b[0m\r\nmake: *** [Makefile:13: main-debug] Error 1\r\n\r\n"}}
7/7/2024, 1:40:33 PM -> {"channel":33,"debugSessions":{}}
7/7/2024, 1:40:33 PM -> {"channel":33,"session":101,"error":"failed to compile project: \"clang -g -Wno-everything -pthread -lm -O0 ./main.c ./procun.c -o \\\"main-debug\\\"\\r\\n/nix/store/039g378vc3pc3dvi9dzdlrd0i4q93qwf-binutils-2.39/bin/ld: /tmp/procun-21ecb7.o: in function `consumer':\\r\\n/home/runner/FelineUnusualDriverwrapper/./procun.c:28: multiple definition of `consumer'; /tmp/main-c30732.o:/home/runner/FelineUnusualDriverwrapper/./main.c:29: first defined here\\r\\n/nix/store/039g378vc3pc3dvi9dzdlrd0i4q93qwf-binutils-2.39/bin/ld: /tmp/procun-21ecb7.o:/home/runner/FelineUnusualDriverwrapper/./procun.c:11: multiple definition of `empty'; /tmp/main-c30732.o:/home/runner/FelineUnusualDriverwrapper/./main.c:11: first defined here\\r\\n/nix/store/039g378vc3pc3dvi9dzdlrd0i4q93qwf-binutils-2.39/bin/ld: /tmp/procun-21ecb7.o:/home/runner/FelineUnusualDriverwrapper/./procun.c:12: multiple definition of `full'; /tmp/main-c30732.o:/home/runner/FelineUnusualDriverwrapper/./main.c:12: first defined here\\r\\n/nix/store/039g378vc3pc3dvi9dzdlrd0i4q93qwf-binutils-2.39/bin/ld: /tmp/procun-21ecb7.o:/home/runner/FelineUnusualDriverwrapper/./procun.c:7: multiple definition of `in'; /tmp/main-c30732.o:/home/runner/FelineUnusualDriverwrapper/./main.c:7: first defined here\\r\\n/nix/store/039g378vc3pc3dvi9dzdlrd0i4q93qwf-binutils-2.39/bin/ld: /tmp/procun-21ecb7.o: in function `main':\\r\\n/home/runner/FelineUnusualDriverwrapper/./procun.c:39: multiple definition of `main'; /tmp/main-c30732.o:/home/runner/FelineUnusualDriverwrapper/./main.c:45: first defined here\\r\\n/nix/store/039g378vc3pc3dvi9dzdlrd0i4q93qwf-binutils-2.39/bin/ld: /tmp/procun-21ecb7.o:/home/runner/FelineUnusualDriverwrapper/./procun.c:13: multiple definition of `mutex'; /tmp/main-c30732.o:/home/runner/FelineUnusualDriverwrapper/./main.c:13: first defined here\\r\\n/nix/store/039g378vc3pc3dvi9dzdlrd0i4q93qwf-binutils-2.39/bin/ld: /tmp/procun-21ecb7.o:/home/runner/FelineUnusualDriverwrapper/./procun.c:8: multiple definition of `out'; /tmp/main-c30732.o:/home/runner/FelineUnusualDriverwrapper/./main.c:8: first defined here\\r\\n/nix/store/039g378vc3pc3dvi9dzdlrd0i4q93qwf-binutils-2.39/bin/ld: /tmp/procun-21ecb7.o: in function `producer':\\r\\n/home/runner/FelineUnusualDriverwrapper/./procun.c:15: multiple definition of `producer'; /tmp/main-c30732.o:/home/runner/FelineUnusualDriverwrapper/./main.c:15: first defined here\\r\\nclang-12: \\x1b[0;1;31merror: \\x1b[0m\\x1b[1mlinker command failed with exit code 1 (use -v to see invocation)\\x1b[0m\\r\\nmake: *** [Makefile:13: main-debug] Error 1\\r\\n\": exit status 2","ref":"229aajlcv49"}
7/7/2024, 1:40:33 PM -> {"channel":33,"session":101,"error":"failed to compile project: \"clang -g -Wno-everything -pthread -lm -O0 ./main.c ./procun.c -o \\\"main-debug\\\"\\r\\n/nix/store/039g378vc3pc3dvi9dzdlrd0i4q93qwf-binutils-2.39/bin/ld: /tmp/procun-21ecb7.o: in function `consumer':\\r\\n/home/runner/FelineUnusualDriverwrapper/./procun.c:28: multiple definition of `consumer'; /tmp/main-c30732.o:/home/runner/FelineUnusualDriverwrapper/./main.c:29: first defined here\\r\\n/nix/store/039g378vc3pc3dvi9dzdlrd0i4q93qwf-binutils-2.39/bin/ld: /tmp/procun-21ecb7.o:/home/runner/FelineUnusualDriverwrapper/./procun.c:11: multiple definition of `empty'; /tmp/main-c30732.o:/home/runner/FelineUnusualDriverwrapper/./main.c:11: first defined here\\r\\n/nix/store/039g378vc3pc3dvi9dzdlrd0i4q93qwf-binutils-2.39/bin/ld: /tmp/procun-21ecb7.o:/home/runner/FelineUnusualDriverwrapper/./procun.c:12: multiple definition of `full'; /tmp/main-c30732.o:/home/runner/FelineUnusualDriverwrapper/./main.c:12: first defined here\\r\\n/nix/store/039g378vc3pc3dvi9dzdlrd0i4q93qwf-binutils-2.39/bin/ld: /tmp/procun-21ecb7.o:/home/runner/FelineUnusualDriverwrapper/./procun.c:7: multiple definition of `in'; /tmp/main-c30732.o:/home/runner/FelineUnusualDriverwrapper/./main.c:7: first defined here\\r\\n/nix/store/039g378vc3pc3dvi9dzdlrd0i4q93qwf-binutils-2.39/bin/ld: /tmp/procun-21ecb7.o: in function `main':\\r\\n/home/runner/FelineUnusualDriverwrapper/./procun.c:39: multiple definition of `main'; /tmp/main-c30732.o:/home/runner/FelineUnusualDriverwrapper/./main.c:45: first defined here\\r\\n/nix/store/039g378vc3pc3dvi9dzdlrd0i4q93qwf-binutils-2.39/bin/ld: /tmp/procun-21ecb7.o:/home/runner/FelineUnusualDriverwrapper/./procun.c:13: multiple definition of `mutex'; /tmp/main-c30732.o:/home/runner/FelineUnusualDriverwrapper/./main.c:13: first defined here\\r\\n/nix/store/039g378vc3pc3dvi9dzdlrd0i4q93qwf-binutils-2.39/bin/ld: /tmp/procun-21ecb7.o:/home/runner/FelineUnusualDriverwrapper/./procun.c:8: multiple definition of `out'; /tmp/main-c30732.o:/home/runner/FelineUnusualDriverwrapper/./main.c:8: first defined here\\r\\n/nix/store/039g378vc3pc3dvi9dzdlrd0i4q93qwf-binutils-2.39/bin/ld: /tmp/procun-21ecb7.o: in function `producer':\\r\\n/home/runner/FelineUnusualDriverwrapper/./procun.c:15: multiple definition of `producer'; /tmp/main-c30732.o:/home/runner/FelineUnusualDriverwrapper/./main.c:15: first defined here\\r\\nclang-12: \\x1b[0;1;31merror: \\x1b[0m\\x1b[1mlinker command failed with exit code 1 (use -v to see invocation)\\x1b[0m\\r\\nmake: *** [Makefile:13: main-debug] Error 1\\r\\n\": exit status 2","ref":"229aajlcv49"}